ΓÇ║ Using --device TECNO_CK8nB
ΓÇ║ Port 8081 is being used by another process
Input is required, but 'npx expo' is in non-interactive mode.
Required input:
> Use port 8082 instead?
ΓÇ║ Skipping dev server
ΓÇ║ Building app...
Configuration on demand is an incubating feature.
> Task :gradle-plugin:settings-plugin:checkKotlinGradlePluginConfigurationErrors
> Task :gradle-plugin:shared:checkKotlinGradlePluginConfigurationErrors
> Task :gradle-plugin:shared:compileKotlin UP-TO-DATE
> Task :gradle-plugin:shared:compileJava NO-SOURCE
> Task :gradle-plugin:shared:processResources NO-SOURCE
> Task :gradle-plugin:shared:classes UP-TO-DATE
> Task :gradle-plugin:shared:jar UP-TO-DATE
> Task :gradle-plugin:settings-plugin:compileKotlin UP-TO-DATE
> Task :gradle-plugin:settings-plugin:compileJava NO-SOURCE
> Task :gradle-plugin:settings-plugin:pluginDescriptors UP-TO-DATE
> Task :gradle-plugin:settings-plugin:processResources UP-TO-DATE
> Task :gradle-plugin:settings-plugin:classes UP-TO-DATE
> Task :gradle-plugin:settings-plugin:jar UP-TO-DATE
> Task :gradle-plugin:react-native-gradle-plugin:checkKotlinGradlePluginConfigurationErrors
> Task :expo-dev-launcher-gradle-plugin:checkKotlinGradlePluginConfigurationErrors
> Task :expo-dev-launcher-gradle-plugin:pluginDescriptors UP-TO-DATE
> Task :expo-dev-launcher-gradle-plugin:processResources UP-TO-DATE
> Task :gradle-plugin:react-native-gradle-plugin:compileKotlin UP-TO-DATE
> Task :gradle-plugin:react-native-gradle-plugin:compileJava NO-SOURCE
> Task :gradle-plugin:react-native-gradle-plugin:pluginDescriptors UP-TO-DATE
> Task :gradle-plugin:react-native-gradle-plugin:processResources UP-TO-DATE
> Task :gradle-plugin:react-native-gradle-plugin:classes UP-TO-DATE
> Task :gradle-plugin:react-native-gradle-plugin:jar UP-TO-DATE
> Task :expo-dev-launcher-gradle-plugin:compileKotlin UP-TO-DATE
> Task :expo-dev-launcher-gradle-plugin:compileJava NO-SOURCE
> Task :expo-dev-launcher-gradle-plugin:classes UP-TO-DATE
> Task :expo-dev-launcher-gradle-plugin:jar UP-TO-DATE

> Configure project :app
 Γä╣∩╕Å  [33mApplying gradle plugin[0m '[32mexpo-dev-launcher-gradle-plugin[0m' (expo-dev-launcher@5.0.35)

> Configure project :shopify_react-native-skia
react-native-skia: node_modules/ found at: F:\CF\CF\node_modules
react-native-skia: RN Version: 76 / 0.76.9
react-native-skia: isSourceBuild: false
react-native-skia: PrebuiltDir: F:\CF\CF\node_modules\@shopify\react-native-skia\android\build/react-native-0*/jni
react-native-skia: buildType: debug
react-native-skia: buildDir: F:\CF\CF\node_modules\@shopify\react-native-skia\android\build
react-native-skia: node_modules: F:\CF\CF\node_modules
react-native-skia: Enable Prefab: true
react-native-skia: aar state post 70, do nothing

> Configure project :expo

Using expo modules
  - [32mexpo-asset[0m (11.0.5)
  - [32mexpo-constants[0m (17.0.8)
  - [32mexpo-crypto[0m (14.0.2)
  - [32mexpo-dev-client[0m (5.0.20)
  - [32mexpo-dev-launcher[0m (5.0.35)
  - [32mexpo-dev-menu[0m (6.0.25)
  - [32mexpo-file-system[0m (18.0.12)
  - [32mexpo-font[0m (13.0.4)
  - [32mexpo-image-loader[0m (5.0.0)
  - [32mexpo-image-picker[0m (16.0.6)
  - [32mexpo-json-utils[0m (0.14.0)
  - [32mexpo-keep-awake[0m (14.0.3)
  - [32mexpo-linear-gradient[0m (14.0.2)
  - [32mexpo-linking[0m (7.0.5)
  - [32mexpo-manifests[0m (0.15.8)
  - [32mexpo-media-library[0m (17.0.6)
  - [32mexpo-secure-store[0m (14.0.1)
  - [32mexpo-web-browser[0m (14.0.2)


> Configure project :react-native-reanimated
Android gradle plugin: 8.7.2
Gradle: 8.10.2

> Task :app:generateAutolinkingPackageList
> Task :app:generateCodegenSchemaFromJavaScript SKIPPED
> Task :app:generateCodegenArtifactsFromSchema SKIPPED
> Task :app:preBuild
> Task :app:preDebugBuild
> Task :app:mergeDebugNativeDebugMetadata NO-SOURCE
> Task :app:checkKotlinGradlePluginConfigurationErrors
> Task :app:generateDebugBuildConfig FROM-CACHE
> Task :expo:generateExpoModulesPackageListTask
> Task :expo:preBuild
> Task :expo:preDebugBuild
> Task :expo-asset:preBuild UP-TO-DATE
> Task :expo-asset:preDebugBuild UP-TO-DATE
> Task :expo:writeDebugAarMetadata
> Task :expo-asset:writeDebugAarMetadata
> Task :expo-constants:createExpoConfig
> Task :expo-constants:preBuild
> Task :expo-constants:preDebugBuild
> Task :expo-crypto:preBuild UP-TO-DATE
> Task :expo-crypto:preDebugBuild UP-TO-DATE
> Task :expo-constants:writeDebugAarMetadata
> Task :expo-dev-client:preBuild UP-TO-DATE
> Task :expo-dev-client:preDebugBuild UP-TO-DATE
> Task :expo-crypto:writeDebugAarMetadata
> Task :expo-dev-launcher:preBuild UP-TO-DATE
> Task :expo-dev-launcher:preDebugBuild UP-TO-DATE
> Task :expo-dev-client:writeDebugAarMetadata
> Task :expo-dev-menu:preBuild UP-TO-DATE
> Task :expo-dev-menu:preDebugBuild UP-TO-DATE
> Task :expo-dev-launcher:writeDebugAarMetadata
> Task :expo-dev-menu-interface:preBuild UP-TO-DATE
> Task :expo-dev-menu-interface:preDebugBuild UP-TO-DATE
> Task :expo-dev-menu:writeDebugAarMetadata
> Task :expo-file-system:preBuild UP-TO-DATE
> Task :expo-file-system:preDebugBuild UP-TO-DATE
> Task :expo-dev-menu-interface:writeDebugAarMetadata
> Task :expo-font:preBuild UP-TO-DATE
> Task :expo-font:preDebugBuild UP-TO-DATE
> Task :expo-file-system:writeDebugAarMetadata
> Task :expo-image-loader:preBuild UP-TO-DATE
> Task :expo-font:writeDebugAarMetadata
> Task :expo-image-loader:preDebugBuild UP-TO-DATE
> Task :expo-image-picker:preBuild UP-TO-DATE
> Task :expo-image-picker:preDebugBuild UP-TO-DATE
> Task :expo-image-loader:writeDebugAarMetadata
> Task :expo-json-utils:preBuild UP-TO-DATE
> Task :expo-json-utils:preDebugBuild UP-TO-DATE
> Task :expo-image-picker:writeDebugAarMetadata
> Task :expo-keep-awake:preBuild UP-TO-DATE
> Task :expo-keep-awake:preDebugBuild UP-TO-DATE
> Task :expo-json-utils:writeDebugAarMetadata
> Task :expo-linear-gradient:preBuild UP-TO-DATE
> Task :expo-linear-gradient:preDebugBuild UP-TO-DATE
> Task :expo-keep-awake:writeDebugAarMetadata
> Task :expo-linking:preBuild UP-TO-DATE
> Task :expo-linking:preDebugBuild UP-TO-DATE
> Task :expo-linear-gradient:writeDebugAarMetadata
> Task :expo-manifests:preBuild UP-TO-DATE
> Task :expo-manifests:preDebugBuild UP-TO-DATE
> Task :expo-linking:writeDebugAarMetadata
> Task :expo-media-library:preBuild UP-TO-DATE
> Task :expo-media-library:preDebugBuild UP-TO-DATE
> Task :expo-manifests:writeDebugAarMetadata
> Task :expo-modules-core:preBuild UP-TO-DATE
> Task :expo-modules-core:preDebugBuild UP-TO-DATE
> Task :expo-media-library:writeDebugAarMetadata
> Task :expo-secure-store:preBuild UP-TO-DATE
> Task :expo-secure-store:preDebugBuild UP-TO-DATE
> Task :expo-modules-core:writeDebugAarMetadata
> Task :expo-updates-interface:preBuild UP-TO-DATE
> Task :expo-updates-interface:preDebugBuild UP-TO-DATE
> Task :expo-secure-store:writeDebugAarMetadata
> Task :expo-web-browser:preBuild UP-TO-DATE
> Task :expo-updates-interface:writeDebugAarMetadata
> Task :expo-web-browser:preDebugBuild UP-TO-DATE
> Task :lottie-react-native:preBuild UP-TO-DATE
> Task :lottie-react-native:preDebugBuild UP-TO-DATE
> Task :expo-web-browser:writeDebugAarMetadata
> Task :react-native-async-storage_async-storage:preBuild UP-TO-DATE
> Task :react-native-async-storage_async-storage:preDebugBuild UP-TO-DATE
> Task :lottie-react-native:writeDebugAarMetadata
> Task :react-native-gesture-handler:preBuild UP-TO-DATE
> Task :react-native-gesture-handler:preDebugBuild UP-TO-DATE
> Task :react-native-async-storage_async-storage:writeDebugAarMetadata
> Task :react-native-google-signin_google-signin:preBuild UP-TO-DATE
> Task :react-native-google-signin_google-signin:preDebugBuild UP-TO-DATE
> Task :react-native-gesture-handler:writeDebugAarMetadata
> Task :react-native-picker_picker:preBuild UP-TO-DATE
> Task :react-native-picker_picker:preDebugBuild UP-TO-DATE
> Task :react-native-google-signin_google-signin:writeDebugAarMetadata
> Task :react-native-reanimated:assertLatestReactNativeWithNewArchitectureTask SKIPPED
> Task :react-native-picker_picker:writeDebugAarMetadata
> Task :react-native-reanimated:assertMinimalReactNativeVersionTask SKIPPED
> Task :react-native-reanimated:prepareReanimatedHeadersForPrefabs
> Task :react-native-reanimated:prepareWorkletsHeadersForPrefabs
> Task :react-native-reanimated:preBuild
> Task :react-native-reanimated:preDebugBuild
> Task :react-native-safe-area-context:preBuild UP-TO-DATE
> Task :react-native-safe-area-context:preDebugBuild UP-TO-DATE
> Task :react-native-reanimated:writeDebugAarMetadata
> Task :react-native-screens:preBuild UP-TO-DATE
> Task :react-native-screens:preDebugBuild UP-TO-DATE
> Task :react-native-safe-area-context:writeDebugAarMetadata
> Task :react-native-svg:preBuild UP-TO-DATE
> Task :react-native-svg:preDebugBuild UP-TO-DATE
> Task :react-native-screens:writeDebugAarMetadata
> Task :react-native-svg:writeDebugAarMetadata
> Task :react-native-worklets-core:prepareHeaders
> Task :react-native-worklets-core:preBuild
> Task :react-native-worklets-core:preDebugBuild
> Task :shopify_flash-list:preBuild UP-TO-DATE
> Task :shopify_flash-list:preDebugBuild UP-TO-DATE
> Task :react-native-worklets-core:writeDebugAarMetadata
> Task :shopify_flash-list:writeDebugAarMetadata
> Task :shopify_react-native-skia:prepareHeaders
> Task :shopify_react-native-skia:preBuild
> Task :shopify_react-native-skia:preDebugBuild
> Task :shopify_react-native-skia:writeDebugAarMetadata
> Task :app:generateDebugResValues FROM-CACHE
> Task :expo:generateDebugResValues FROM-CACHE
> Task :expo:generateDebugResources FROM-CACHE
> Task :app:checkDebugAarMetadata
> Task :expo:packageDebugResources FROM-CACHE
> Task :expo-asset:generateDebugResValues FROM-CACHE
> Task :expo-asset:generateDebugResources FROM-CACHE
> Task :expo-asset:packageDebugResources FROM-CACHE
> Task :expo-constants:generateDebugResValues FROM-CACHE
> Task :expo-constants:generateDebugResources FROM-CACHE
> Task :expo-constants:packageDebugResources FROM-CACHE
> Task :expo-crypto:generateDebugResValues FROM-CACHE
> Task :expo-crypto:generateDebugResources FROM-CACHE
> Task :expo-crypto:packageDebugResources FROM-CACHE
> Task :expo-dev-client:generateDebugResValues FROM-CACHE
> Task :expo-dev-client:generateDebugResources FROM-CACHE
> Task :expo-dev-client:packageDebugResources FROM-CACHE
> Task :expo-dev-launcher:generateDebugResValues FROM-CACHE
> Task :expo-dev-launcher:generateDebugResources FROM-CACHE
> Task :expo-dev-launcher:packageDebugResources FROM-CACHE
> Task :expo-dev-menu:generateDebugResValues FROM-CACHE
> Task :expo-dev-menu:generateDebugResources FROM-CACHE
> Task :expo-dev-menu:packageDebugResources FROM-CACHE
> Task :expo-dev-menu-interface:generateDebugResValues FROM-CACHE
> Task :expo-dev-menu-interface:generateDebugResources FROM-CACHE
> Task :expo-dev-menu-interface:packageDebugResources FROM-CACHE
> Task :expo-file-system:generateDebugResValues FROM-CACHE
> Task :expo-file-system:generateDebugResources FROM-CACHE
> Task :expo-file-system:packageDebugResources FROM-CACHE
> Task :expo-font:generateDebugResValues FROM-CACHE
> Task :expo-font:generateDebugResources FROM-CACHE
> Task :expo-font:packageDebugResources FROM-CACHE
> Task :expo-image-loader:generateDebugResValues FROM-CACHE
> Task :expo-image-loader:generateDebugResources FROM-CACHE
> Task :expo-image-loader:packageDebugResources FROM-CACHE
> Task :expo-image-picker:generateDebugResValues FROM-CACHE
> Task :expo-image-picker:generateDebugResources FROM-CACHE
> Task :expo-image-picker:packageDebugResources FROM-CACHE
> Task :expo-json-utils:generateDebugResValues FROM-CACHE
> Task :expo-json-utils:generateDebugResources FROM-CACHE
> Task :expo-json-utils:packageDebugResources FROM-CACHE
> Task :expo-keep-awake:generateDebugResValues FROM-CACHE
> Task :expo-keep-awake:generateDebugResources FROM-CACHE
> Task :expo-keep-awake:packageDebugResources FROM-CACHE
> Task :expo-linear-gradient:generateDebugResValues FROM-CACHE
> Task :expo-linear-gradient:generateDebugResources FROM-CACHE
> Task :expo-linear-gradient:packageDebugResources FROM-CACHE
> Task :expo-linking:generateDebugResValues FROM-CACHE
> Task :expo-linking:generateDebugResources FROM-CACHE
> Task :expo-linking:packageDebugResources FROM-CACHE
> Task :expo-manifests:generateDebugResValues FROM-CACHE
> Task :expo-manifests:generateDebugResources FROM-CACHE
> Task :expo-manifests:packageDebugResources FROM-CACHE
> Task :expo-media-library:generateDebugResValues FROM-CACHE
> Task :expo-media-library:generateDebugResources FROM-CACHE
> Task :expo-media-library:packageDebugResources FROM-CACHE
> Task :expo-modules-core:generateDebugResValues FROM-CACHE
> Task :expo-modules-core:generateDebugResources FROM-CACHE
> Task :expo-modules-core:packageDebugResources FROM-CACHE
> Task :expo-secure-store:generateDebugResValues FROM-CACHE
> Task :expo-secure-store:generateDebugResources FROM-CACHE
> Task :expo-secure-store:packageDebugResources FROM-CACHE
> Task :expo-updates-interface:generateDebugResValues FROM-CACHE
> Task :expo-updates-interface:generateDebugResources FROM-CACHE
> Task :expo-updates-interface:packageDebugResources FROM-CACHE
> Task :expo-web-browser:generateDebugResValues FROM-CACHE
> Task :expo-web-browser:generateDebugResources FROM-CACHE
> Task :expo-web-browser:packageDebugResources FROM-CACHE
> Task :lottie-react-native:generateDebugResValues FROM-CACHE
> Task :lottie-react-native:generateDebugResources FROM-CACHE
> Task :lottie-react-native:packageDebugResources FROM-CACHE
> Task :react-native-async-storage_async-storage:generateDebugResValues FROM-CACHE
> Task :react-native-async-storage_async-storage:generateDebugResources FROM-CACHE
> Task :react-native-async-storage_async-storage:packageDebugResources FROM-CACHE
> Task :react-native-gesture-handler:generateDebugResValues FROM-CACHE
> Task :react-native-gesture-handler:generateDebugResources FROM-CACHE
> Task :react-native-gesture-handler:packageDebugResources FROM-CACHE
> Task :react-native-google-signin_google-signin:generateDebugResValues FROM-CACHE
> Task :react-native-google-signin_google-signin:generateDebugResources FROM-CACHE
> Task :react-native-google-signin_google-signin:packageDebugResources FROM-CACHE
> Task :react-native-picker_picker:generateDebugResValues FROM-CACHE
> Task :react-native-picker_picker:generateDebugResources FROM-CACHE
> Task :react-native-picker_picker:packageDebugResources FROM-CACHE
> Task :react-native-reanimated:generateDebugResValues FROM-CACHE
> Task :react-native-reanimated:generateDebugResources FROM-CACHE
> Task :react-native-reanimated:packageDebugResources FROM-CACHE
> Task :react-native-safe-area-context:generateDebugResValues FROM-CACHE
> Task :react-native-safe-area-context:generateDebugResources FROM-CACHE
> Task :react-native-safe-area-context:packageDebugResources FROM-CACHE
> Task :react-native-screens:generateDebugResValues FROM-CACHE
> Task :react-native-screens:generateDebugResources FROM-CACHE
> Task :react-native-screens:packageDebugResources FROM-CACHE
> Task :react-native-svg:generateDebugResValues FROM-CACHE
> Task :react-native-svg:generateDebugResources FROM-CACHE
> Task :react-native-svg:packageDebugResources FROM-CACHE
> Task :react-native-worklets-core:generateDebugResValues FROM-CACHE
> Task :react-native-worklets-core:generateDebugResources FROM-CACHE
> Task :react-native-worklets-core:packageDebugResources FROM-CACHE
> Task :shopify_flash-list:generateDebugResValues FROM-CACHE
> Task :shopify_flash-list:generateDebugResources FROM-CACHE
> Task :shopify_flash-list:packageDebugResources FROM-CACHE
> Task :shopify_react-native-skia:generateDebugResValues FROM-CACHE
> Task :shopify_react-native-skia:generateDebugResources FROM-CACHE
> Task :shopify_react-native-skia:packageDebugResources FROM-CACHE
> Task :app:mapDebugSourceSetPaths
> Task :app:generateDebugResources FROM-CACHE
> Task :app:mergeDebugResources FROM-CACHE
> Task :app:packageDebugResources FROM-CACHE
> Task :app:parseDebugLocalResources FROM-CACHE
> Task :app:createDebugCompatibleScreenManifests
> Task :app:extractDeepLinksDebug FROM-CACHE
> Task :expo:extractDeepLinksDebug FROM-CACHE
> Task :expo:processDebugManifest FROM-CACHE
> Task :expo-asset:extractDeepLinksDebug FROM-CACHE
> Task :expo-asset:processDebugManifest FROM-CACHE
> Task :expo-constants:extractDeepLinksDebug FROM-CACHE
> Task :expo-constants:processDebugManifest FROM-CACHE
> Task :expo-crypto:extractDeepLinksDebug FROM-CACHE
> Task :expo-crypto:processDebugManifest FROM-CACHE
> Task :expo-dev-client:extractDeepLinksDebug FROM-CACHE
> Task :expo-dev-client:processDebugManifest FROM-CACHE
> Task :expo-dev-launcher:extractDeepLinksDebug FROM-CACHE
> Task :expo-dev-launcher:processDebugManifest FROM-CACHE
> Task :expo-dev-menu:extractDeepLinksDebug FROM-CACHE
> Task :expo-dev-menu:processDebugManifest FROM-CACHE
> Task :expo-dev-menu-interface:extractDeepLinksDebug FROM-CACHE
> Task :expo-dev-menu-interface:processDebugManifest FROM-CACHE
> Task :expo-file-system:extractDeepLinksDebug FROM-CACHE
> Task :expo-file-system:processDebugManifest FROM-CACHE
> Task :expo-font:extractDeepLinksDebug FROM-CACHE
> Task :expo-font:processDebugManifest FROM-CACHE
> Task :expo-image-loader:extractDeepLinksDebug FROM-CACHE
> Task :expo-image-loader:processDebugManifest FROM-CACHE
> Task :expo-image-picker:extractDeepLinksDebug FROM-CACHE
> Task :expo-image-picker:processDebugManifest FROM-CACHE
> Task :expo-json-utils:extractDeepLinksDebug FROM-CACHE
> Task :expo-json-utils:processDebugManifest FROM-CACHE
> Task :expo-keep-awake:extractDeepLinksDebug FROM-CACHE
> Task :expo-keep-awake:processDebugManifest FROM-CACHE
> Task :expo-linear-gradient:extractDeepLinksDebug FROM-CACHE
> Task :expo-linear-gradient:processDebugManifest FROM-CACHE
> Task :expo-linking:extractDeepLinksDebug FROM-CACHE
> Task :expo-linking:processDebugManifest FROM-CACHE
> Task :expo-manifests:extractDeepLinksDebug FROM-CACHE
> Task :expo-manifests:processDebugManifest FROM-CACHE
> Task :expo-media-library:extractDeepLinksDebug FROM-CACHE
> Task :expo-media-library:processDebugManifest FROM-CACHE
> Task :expo-modules-core:extractDeepLinksDebug FROM-CACHE
> Task :expo-modules-core:processDebugManifest FROM-CACHE
> Task :expo-secure-store:extractDeepLinksDebug FROM-CACHE
> Task :expo-secure-store:processDebugManifest FROM-CACHE
> Task :expo-updates-interface:extractDeepLinksDebug FROM-CACHE
> Task :expo-updates-interface:processDebugManifest FROM-CACHE
> Task :expo-web-browser:extractDeepLinksDebug FROM-CACHE
> Task :expo-web-browser:processDebugManifest FROM-CACHE
> Task :lottie-react-native:extractDeepLinksDebug FROM-CACHE
> Task :lottie-react-native:processDebugManifest FROM-CACHE
> Task :react-native-async-storage_async-storage:extractDeepLinksDebug FROM-CACHE
> Task :react-native-async-storage_async-storage:processDebugManifest FROM-CACHE
> Task :react-native-gesture-handler:extractDeepLinksDebug FROM-CACHE
> Task :react-native-gesture-handler:processDebugManifest FROM-CACHE
> Task :react-native-google-signin_google-signin:extractDeepLinksDebug FROM-CACHE
> Task :react-native-google-signin_google-signin:processDebugManifest FROM-CACHE
> Task :react-native-picker_picker:extractDeepLinksDebug FROM-CACHE
> Task :react-native-picker_picker:processDebugManifest FROM-CACHE
> Task :react-native-reanimated:extractDeepLinksDebug FROM-CACHE
> Task :react-native-reanimated:processDebugManifest FROM-CACHE
> Task :react-native-safe-area-context:extractDeepLinksDebug FROM-CACHE
> Task :react-native-safe-area-context:processDebugManifest FROM-CACHE
> Task :react-native-screens:extractDeepLinksDebug FROM-CACHE
> Task :react-native-screens:processDebugManifest FROM-CACHE
> Task :react-native-svg:extractDeepLinksDebug FROM-CACHE
> Task :react-native-svg:processDebugManifest FROM-CACHE
> Task :react-native-worklets-core:extractDeepLinksDebug FROM-CACHE
> Task :react-native-worklets-core:processDebugManifest FROM-CACHE
> Task :shopify_flash-list:extractDeepLinksDebug FROM-CACHE
> Task :shopify_flash-list:processDebugManifest FROM-CACHE
> Task :shopify_react-native-skia:extractDeepLinksDebug FROM-CACHE
> Task :shopify_react-native-skia:processDebugManifest FROM-CACHE
> Task :app:processDebugMainManifest FROM-CACHE
> Task :app:processDebugManifest FROM-CACHE
> Task :app:processDebugManifestForPackage FROM-CACHE
> Task :expo:compileDebugLibraryResources FROM-CACHE
> Task :expo:parseDebugLocalResources FROM-CACHE
> Task :expo:generateDebugRFile FROM-CACHE
> Task :expo-asset:compileDebugLibraryResources FROM-CACHE
> Task :expo-asset:parseDebugLocalResources FROM-CACHE
> Task :expo-asset:generateDebugRFile FROM-CACHE
> Task :expo-constants:compileDebugLibraryResources FROM-CACHE
> Task :expo-constants:parseDebugLocalResources FROM-CACHE
> Task :expo-constants:generateDebugRFile FROM-CACHE
> Task :expo-crypto:compileDebugLibraryResources FROM-CACHE
> Task :expo-crypto:parseDebugLocalResources FROM-CACHE
> Task :expo-crypto:generateDebugRFile FROM-CACHE
> Task :expo-dev-client:compileDebugLibraryResources FROM-CACHE
> Task :expo-dev-client:parseDebugLocalResources FROM-CACHE
> Task :expo-dev-client:generateDebugRFile FROM-CACHE
> Task :expo-dev-launcher:compileDebugLibraryResources FROM-CACHE
> Task :expo-dev-launcher:parseDebugLocalResources FROM-CACHE
> Task :expo-dev-launcher:generateDebugRFile FROM-CACHE
> Task :expo-dev-menu:compileDebugLibraryResources FROM-CACHE
> Task :expo-dev-menu:parseDebugLocalResources FROM-CACHE
> Task :expo-dev-menu:generateDebugRFile FROM-CACHE
> Task :expo-dev-menu-interface:compileDebugLibraryResources FROM-CACHE
> Task :expo-dev-menu-interface:parseDebugLocalResources FROM-CACHE
> Task :expo-dev-menu-interface:generateDebugRFile FROM-CACHE
> Task :expo-file-system:compileDebugLibraryResources FROM-CACHE
> Task :expo-file-system:parseDebugLocalResources FROM-CACHE
> Task :expo-file-system:generateDebugRFile FROM-CACHE
> Task :expo-font:compileDebugLibraryResources FROM-CACHE
> Task :expo-font:parseDebugLocalResources FROM-CACHE
> Task :expo-font:generateDebugRFile FROM-CACHE
> Task :expo-image-loader:compileDebugLibraryResources FROM-CACHE
> Task :expo-image-loader:parseDebugLocalResources FROM-CACHE
> Task :expo-image-loader:generateDebugRFile FROM-CACHE
> Task :expo-image-picker:compileDebugLibraryResources FROM-CACHE
> Task :expo-image-picker:parseDebugLocalResources FROM-CACHE
> Task :expo-image-picker:generateDebugRFile FROM-CACHE
> Task :expo-json-utils:compileDebugLibraryResources FROM-CACHE
> Task :expo-json-utils:parseDebugLocalResources FROM-CACHE
> Task :expo-json-utils:generateDebugRFile FROM-CACHE
> Task :expo-keep-awake:compileDebugLibraryResources FROM-CACHE
> Task :expo-keep-awake:parseDebugLocalResources FROM-CACHE
> Task :expo-keep-awake:generateDebugRFile FROM-CACHE
> Task :expo-linear-gradient:compileDebugLibraryResources FROM-CACHE
> Task :expo-linear-gradient:parseDebugLocalResources FROM-CACHE
> Task :expo-linear-gradient:generateDebugRFile FROM-CACHE
> Task :expo-linking:compileDebugLibraryResources FROM-CACHE
> Task :expo-linking:parseDebugLocalResources FROM-CACHE
> Task :expo-linking:generateDebugRFile FROM-CACHE
> Task :expo-manifests:compileDebugLibraryResources FROM-CACHE
> Task :expo-manifests:parseDebugLocalResources FROM-CACHE
> Task :expo-manifests:generateDebugRFile FROM-CACHE
> Task :expo-media-library:compileDebugLibraryResources FROM-CACHE
> Task :expo-media-library:parseDebugLocalResources FROM-CACHE
> Task :expo-media-library:generateDebugRFile FROM-CACHE
> Task :expo-modules-core:compileDebugLibraryResources FROM-CACHE
> Task :expo-modules-core:parseDebugLocalResources FROM-CACHE
> Task :expo-modules-core:generateDebugRFile FROM-CACHE
> Task :expo-secure-store:compileDebugLibraryResources FROM-CACHE
> Task :expo-secure-store:parseDebugLocalResources FROM-CACHE
> Task :expo-secure-store:generateDebugRFile FROM-CACHE
> Task :expo-updates-interface:compileDebugLibraryResources FROM-CACHE
> Task :expo-updates-interface:parseDebugLocalResources FROM-CACHE
> Task :expo-updates-interface:generateDebugRFile FROM-CACHE
> Task :expo-web-browser:compileDebugLibraryResources FROM-CACHE
> Task :expo-web-browser:parseDebugLocalResources FROM-CACHE
> Task :expo-web-browser:generateDebugRFile FROM-CACHE
> Task :lottie-react-native:compileDebugLibraryResources FROM-CACHE
> Task :lottie-react-native:parseDebugLocalResources FROM-CACHE
> Task :lottie-react-native:generateDebugRFile FROM-CACHE
> Task :react-native-async-storage_async-storage:compileDebugLibraryResources FROM-CACHE
> Task :react-native-async-storage_async-storage:parseDebugLocalResources FROM-CACHE
> Task :react-native-async-storage_async-storage:generateDebugRFile FROM-CACHE
> Task :react-native-gesture-handler:compileDebugLibraryResources FROM-CACHE
> Task :react-native-gesture-handler:parseDebugLocalResources FROM-CACHE
> Task :react-native-gesture-handler:generateDebugRFile FROM-CACHE
> Task :react-native-google-signin_google-signin:compileDebugLibraryResources FROM-CACHE
> Task :react-native-google-signin_google-signin:parseDebugLocalResources FROM-CACHE
> Task :react-native-google-signin_google-signin:generateDebugRFile FROM-CACHE
> Task :react-native-picker_picker:compileDebugLibraryResources FROM-CACHE
> Task :react-native-picker_picker:parseDebugLocalResources FROM-CACHE
> Task :react-native-picker_picker:generateDebugRFile FROM-CACHE
> Task :react-native-reanimated:compileDebugLibraryResources FROM-CACHE
> Task :react-native-reanimated:parseDebugLocalResources FROM-CACHE
> Task :react-native-reanimated:generateDebugRFile FROM-CACHE
> Task :react-native-safe-area-context:compileDebugLibraryResources FROM-CACHE
> Task :react-native-safe-area-context:parseDebugLocalResources FROM-CACHE
> Task :react-native-safe-area-context:generateDebugRFile FROM-CACHE
> Task :react-native-screens:compileDebugLibraryResources FROM-CACHE
> Task :react-native-screens:parseDebugLocalResources FROM-CACHE
> Task :react-native-screens:generateDebugRFile FROM-CACHE
> Task :react-native-svg:compileDebugLibraryResources FROM-CACHE
> Task :react-native-svg:parseDebugLocalResources FROM-CACHE
> Task :react-native-svg:generateDebugRFile FROM-CACHE
> Task :react-native-worklets-core:compileDebugLibraryResources FROM-CACHE
> Task :react-native-worklets-core:parseDebugLocalResources FROM-CACHE
> Task :react-native-worklets-core:generateDebugRFile FROM-CACHE
> Task :shopify_flash-list:compileDebugLibraryResources FROM-CACHE
> Task :shopify_flash-list:parseDebugLocalResources FROM-CACHE
> Task :shopify_flash-list:generateDebugRFile FROM-CACHE
> Task :shopify_react-native-skia:compileDebugLibraryResources FROM-CACHE
> Task :shopify_react-native-skia:parseDebugLocalResources FROM-CACHE
> Task :shopify_react-native-skia:generateDebugRFile FROM-CACHE
> Task :app:processDebugResources FROM-CACHE
> Task :expo:checkKotlinGradlePluginConfigurationErrors
> Task :expo:generateDebugBuildConfig FROM-CACHE
> Task :expo-asset:checkKotlinGradlePluginConfigurationErrors
> Task :expo-asset:generateDebugBuildConfig FROM-CACHE
> Task :expo-modules-core:checkKotlinGradlePluginConfigurationErrors
> Task :expo-modules-core:generateDebugBuildConfig FROM-CACHE
> Task :expo-modules-core:compileDebugKotlin FROM-CACHE
> Task :expo-modules-core:javaPreCompileDebug FROM-CACHE
> Task :expo-modules-core:compileDebugJavaWithJavac FROM-CACHE
> Task :expo-asset:javaPreCompileDebug FROM-CACHE
> Task :expo-constants:checkKotlinGradlePluginConfigurationErrors
> Task :expo-constants:generateDebugBuildConfig FROM-CACHE
> Task :expo-constants:javaPreCompileDebug FROM-CACHE
> Task :expo-crypto:checkKotlinGradlePluginConfigurationErrors
> Task :expo-crypto:generateDebugBuildConfig FROM-CACHE
> Task :expo-crypto:javaPreCompileDebug FROM-CACHE
> Task :expo-dev-client:checkKotlinGradlePluginConfigurationErrors
> Task :expo-dev-client:dataBindingMergeDependencyArtifactsDebug
> Task :expo-dev-client:generateDebugBuildConfig FROM-CACHE
> Task :expo-dev-client:dataBindingGenBaseClassesDebug FROM-CACHE
> Task :expo-dev-client:javaPreCompileDebug FROM-CACHE
> Task :expo-dev-launcher:checkKotlinGradlePluginConfigurationErrors
> Task :expo-dev-launcher:dataBindingMergeDependencyArtifactsDebug
> Task :expo-dev-launcher:generateDebugBuildConfig FROM-CACHE
> Task :expo-dev-launcher:dataBindingGenBaseClassesDebug FROM-CACHE
> Task :expo-dev-menu:checkKotlinGradlePluginConfigurationErrors
> Task :expo-dev-menu:generateDebugBuildConfig FROM-CACHE
> Task :expo-dev-menu-interface:checkKotlinGradlePluginConfigurationErrors
> Task :expo-dev-menu-interface:generateDebugBuildConfig FROM-CACHE
> Task :expo-dev-menu-interface:javaPreCompileDebug FROM-CACHE
> Task :expo-json-utils:checkKotlinGradlePluginConfigurationErrors
> Task :expo-json-utils:generateDebugBuildConfig FROM-CACHE
> Task :expo-json-utils:javaPreCompileDebug FROM-CACHE
> Task :expo-manifests:checkKotlinGradlePluginConfigurationErrors
> Task :expo-manifests:generateDebugBuildConfig FROM-CACHE
> Task :expo-manifests:javaPreCompileDebug FROM-CACHE
> Task :expo-dev-menu:javaPreCompileDebug FROM-CACHE
> Task :expo-updates-interface:checkKotlinGradlePluginConfigurationErrors
> Task :expo-updates-interface:generateDebugBuildConfig FROM-CACHE
> Task :expo-updates-interface:javaPreCompileDebug FROM-CACHE
> Task :expo-dev-launcher:javaPreCompileDebug FROM-CACHE
> Task :expo-file-system:checkKotlinGradlePluginConfigurationErrors
> Task :expo-file-system:generateDebugBuildConfig FROM-CACHE
> Task :expo-file-system:javaPreCompileDebug FROM-CACHE
> Task :expo-font:checkKotlinGradlePluginConfigurationErrors
> Task :expo-font:generateDebugBuildConfig FROM-CACHE
> Task :expo-font:javaPreCompileDebug FROM-CACHE
> Task :expo-image-loader:checkKotlinGradlePluginConfigurationErrors
> Task :expo-image-loader:generateDebugBuildConfig FROM-CACHE
> Task :expo-image-loader:javaPreCompileDebug FROM-CACHE
> Task :expo-image-picker:checkKotlinGradlePluginConfigurationErrors
> Task :expo-image-picker:generateDebugBuildConfig FROM-CACHE
> Task :expo-image-picker:javaPreCompileDebug FROM-CACHE
> Task :expo-keep-awake:checkKotlinGradlePluginConfigurationErrors
> Task :expo-keep-awake:generateDebugBuildConfig FROM-CACHE
> Task :expo-keep-awake:javaPreCompileDebug FROM-CACHE
> Task :expo-linear-gradient:checkKotlinGradlePluginConfigurationErrors
> Task :expo-linear-gradient:generateDebugBuildConfig FROM-CACHE
> Task :expo-linear-gradient:javaPreCompileDebug FROM-CACHE
> Task :expo-linking:checkKotlinGradlePluginConfigurationErrors
> Task :expo-linking:generateDebugBuildConfig FROM-CACHE
> Task :expo-linking:javaPreCompileDebug FROM-CACHE
> Task :expo-media-library:checkKotlinGradlePluginConfigurationErrors
> Task :expo-media-library:generateDebugBuildConfig FROM-CACHE
> Task :expo-media-library:javaPreCompileDebug FROM-CACHE
> Task :expo-secure-store:checkKotlinGradlePluginConfigurationErrors
> Task :expo-secure-store:generateDebugBuildConfig FROM-CACHE
> Task :expo-secure-store:javaPreCompileDebug FROM-CACHE
> Task :expo-web-browser:checkKotlinGradlePluginConfigurationErrors
> Task :expo-web-browser:generateDebugBuildConfig FROM-CACHE
> Task :expo-web-browser:javaPreCompileDebug FROM-CACHE
> Task :expo:javaPreCompileDebug FROM-CACHE
> Task :lottie-react-native:checkKotlinGradlePluginConfigurationErrors
> Task :lottie-react-native:generateDebugBuildConfig FROM-CACHE
> Task :lottie-react-native:compileDebugKotlin FROM-CACHE
> Task :lottie-react-native:javaPreCompileDebug FROM-CACHE
> Task :lottie-react-native:compileDebugJavaWithJavac FROM-CACHE
> Task :react-native-async-storage_async-storage:generateDebugBuildConfig FROM-CACHE
> Task :react-native-async-storage_async-storage:javaPreCompileDebug FROM-CACHE
> Task :lottie-react-native:bundleLibCompileToJarDebug
> Task :react-native-async-storage_async-storage:compileDebugJavaWithJavac FROM-CACHE
> Task :react-native-gesture-handler:checkKotlinGradlePluginConfigurationErrors
> Task :react-native-gesture-handler:generateDebugBuildConfig FROM-CACHE
> Task :react-native-reanimated:generateDebugBuildConfig FROM-CACHE
> Task :react-native-reanimated:javaPreCompileDebug FROM-CACHE
> Task :react-native-reanimated:packageNdkLibs NO-SOURCE
> Task :react-native-async-storage_async-storage:bundleLibCompileToJarDebug
> Task :react-native-reanimated:compileDebugJavaWithJavac FROM-CACHE
> Task :react-native-gesture-handler:javaPreCompileDebug FROM-CACHE
> Task :react-native-google-signin_google-signin:checkKotlinGradlePluginConfigurationErrors
> Task :react-native-google-signin_google-signin:generateDebugBuildConfig FROM-CACHE
> Task :react-native-google-signin_google-signin:compileDebugKotlin FROM-CACHE
> Task :react-native-google-signin_google-signin:javaPreCompileDebug FROM-CACHE
> Task :react-native-google-signin_google-signin:compileDebugJavaWithJavac FROM-CACHE
> Task :react-native-picker_picker:generateDebugBuildConfig FROM-CACHE
> Task :react-native-picker_picker:javaPreCompileDebug FROM-CACHE
> Task :react-native-picker_picker:compileDebugJavaWithJavac FROM-CACHE
> Task :react-native-safe-area-context:checkKotlinGradlePluginConfigurationErrors
> Task :react-native-safe-area-context:generateDebugBuildConfig FROM-CACHE
> Task :react-native-google-signin_google-signin:bundleLibCompileToJarDebug
> Task :react-native-reanimated:bundleLibCompileToJarDebug
> Task :react-native-picker_picker:bundleLibCompileToJarDebug
> Task :react-native-safe-area-context:compileDebugKotlin FROM-CACHE
> Task :expo-modules-core:bundleLibCompileToJarDebug
> Task :react-native-gesture-handler:compileDebugKotlin FROM-CACHE
> Task :expo-asset:compileDebugKotlin FROM-CACHE
> Task :expo-asset:compileDebugJavaWithJavac FROM-CACHE
> Task :expo-asset:bundleLibCompileToJarDebug
> Task :expo-constants:compileDebugKotlin FROM-CACHE
> Task :expo-constants:compileDebugJavaWithJavac FROM-CACHE
> Task :expo-constants:bundleLibCompileToJarDebug
> Task :expo-crypto:compileDebugKotlin FROM-CACHE
> Task :expo-crypto:compileDebugJavaWithJavac FROM-CACHE
> Task :expo-dev-client:compileDebugKotlin NO-SOURCE
> Task :expo-dev-client:compileDebugJavaWithJavac FROM-CACHE
> Task :expo-dev-client:bundleLibCompileToJarDebug
> Task :expo-crypto:bundleLibCompileToJarDebug
> Task :expo-dev-menu-interface:compileDebugKotlin FROM-CACHE
> Task :expo-dev-menu-interface:compileDebugJavaWithJavac FROM-CACHE
> Task :expo-dev-menu-interface:bundleLibCompileToJarDebug
> Task :expo-json-utils:compileDebugKotlin FROM-CACHE
> Task :expo-json-utils:compileDebugJavaWithJavac FROM-CACHE
> Task :expo-json-utils:bundleLibCompileToJarDebug
> Task :expo-updates-interface:compileDebugKotlin FROM-CACHE
> Task :expo-manifests:compileDebugKotlin FROM-CACHE
> Task :expo-manifests:compileDebugJavaWithJavac FROM-CACHE
> Task :expo-updates-interface:compileDebugJavaWithJavac FROM-CACHE
> Task :expo-updates-interface:bundleLibCompileToJarDebug
> Task :expo-manifests:bundleLibCompileToJarDebug
> Task :expo-file-system:compileDebugKotlin FROM-CACHE
> Task :expo-dev-menu:compileDebugKotlin FROM-CACHE
> Task :expo-dev-menu:compileDebugJavaWithJavac FROM-CACHE
> Task :expo-file-system:compileDebugJavaWithJavac FROM-CACHE
> Task :expo-font:compileDebugKotlin FROM-CACHE
> Task :expo-font:compileDebugJavaWithJavac FROM-CACHE
> Task :expo-font:bundleLibCompileToJarDebug
> Task :expo-dev-menu:bundleLibCompileToJarDebug
> Task :expo-file-system:bundleLibCompileToJarDebug
> Task :expo-image-loader:compileDebugKotlin FROM-CACHE
> Task :expo-dev-launcher:compileDebugKotlin FROM-CACHE
> Task :expo-dev-launcher:compileDebugJavaWithJavac FROM-CACHE
> Task :expo-image-loader:compileDebugJavaWithJavac FROM-CACHE
> Task :expo-image-loader:bundleLibCompileToJarDebug
> Task :expo-dev-launcher:bundleLibCompileToJarDebug
> Task :expo-image-picker:compileDebugKotlin FROM-CACHE
> Task :expo-image-picker:compileDebugJavaWithJavac FROM-CACHE
> Task :expo-keep-awake:compileDebugKotlin FROM-CACHE
> Task :expo-keep-awake:compileDebugJavaWithJavac FROM-CACHE
> Task :expo-keep-awake:bundleLibCompileToJarDebug
> Task :expo-image-picker:bundleLibCompileToJarDebug
> Task :expo-linear-gradient:compileDebugKotlin FROM-CACHE
> Task :expo-linear-gradient:compileDebugJavaWithJavac FROM-CACHE
> Task :expo-linear-gradient:bundleLibCompileToJarDebug
> Task :expo-linking:compileDebugKotlin FROM-CACHE
> Task :expo-linking:compileDebugJavaWithJavac FROM-CACHE
> Task :expo-linking:bundleLibCompileToJarDebug
> Task :expo-media-library:compileDebugKotlin FROM-CACHE
> Task :expo-media-library:compileDebugJavaWithJavac FROM-CACHE
> Task :expo-secure-store:compileDebugKotlin FROM-CACHE
> Task :expo-secure-store:compileDebugJavaWithJavac FROM-CACHE
> Task :expo-web-browser:compileDebugKotlin FROM-CACHE
> Task :expo-web-browser:compileDebugJavaWithJavac FROM-CACHE
> Task :expo-secure-store:bundleLibCompileToJarDebug
> Task :react-native-gesture-handler:compileDebugJavaWithJavac FROM-CACHE
> Task :react-native-safe-area-context:javaPreCompileDebug FROM-CACHE
> Task :expo-media-library:bundleLibCompileToJarDebug
> Task :react-native-safe-area-context:compileDebugJavaWithJavac FROM-CACHE
> Task :react-native-screens:checkKotlinGradlePluginConfigurationErrors
> Task :react-native-screens:generateDebugBuildConfig FROM-CACHE
> Task :expo-web-browser:bundleLibCompileToJarDebug
> Task :react-native-safe-area-context:bundleLibCompileToJarDebug
> Task :react-native-gesture-handler:bundleLibCompileToJarDebug
> Task :react-native-screens:compileDebugKotlin FROM-CACHE
> Task :expo:compileDebugKotlin FROM-CACHE
> Task :expo:compileDebugJavaWithJavac FROM-CACHE
> Task :react-native-screens:javaPreCompileDebug FROM-CACHE
> Task :react-native-screens:compileDebugJavaWithJavac FROM-CACHE
> Task :react-native-svg:generateDebugBuildConfig FROM-CACHE
> Task :react-native-svg:javaPreCompileDebug FROM-CACHE
> Task :expo:bundleLibCompileToJarDebug
> Task :react-native-screens:bundleLibCompileToJarDebug
> Task :react-native-svg:compileDebugJavaWithJavac FROM-CACHE
> Task :react-native-worklets-core:generateDebugBuildConfig FROM-CACHE
> Task :react-native-worklets-core:javaPreCompileDebug FROM-CACHE
> Task :react-native-worklets-core:compileDebugJavaWithJavac FROM-CACHE
> Task :shopify_flash-list:checkKotlinGradlePluginConfigurationErrors
> Task :shopify_flash-list:generateDebugBuildConfig FROM-CACHE
> Task :react-native-worklets-core:bundleLibCompileToJarDebug
> Task :shopify_flash-list:compileDebugKotlin FROM-CACHE
> Task :shopify_flash-list:javaPreCompileDebug FROM-CACHE
> Task :shopify_flash-list:compileDebugJavaWithJavac FROM-CACHE
> Task :shopify_react-native-skia:generateDebugBuildConfig FROM-CACHE
> Task :shopify_react-native-skia:javaPreCompileDebug FROM-CACHE
> Task :shopify_react-native-skia:compileDebugJavaWithJavac FROM-CACHE
> Task :app:javaPreCompileDebug FROM-CACHE
> Task :shopify_flash-list:bundleLibCompileToJarDebug
> Task :app:mergeDebugShaders
> Task :app:compileDebugShaders NO-SOURCE
> Task :app:generateDebugAssets UP-TO-DATE
> Task :expo:mergeDebugShaders
> Task :expo:compileDebugShaders NO-SOURCE
> Task :expo:generateDebugAssets UP-TO-DATE
> Task :expo:packageDebugAssets
> Task :expo-asset:mergeDebugShaders
> Task :expo-asset:compileDebugShaders NO-SOURCE
> Task :expo-asset:generateDebugAssets UP-TO-DATE
> Task :expo-asset:packageDebugAssets
> Task :expo-constants:mergeDebugShaders
> Task :expo-constants:compileDebugShaders NO-SOURCE
> Task :expo-constants:generateDebugAssets UP-TO-DATE
> Task :expo-constants:packageDebugAssets
> Task :expo-crypto:mergeDebugShaders
> Task :expo-crypto:compileDebugShaders NO-SOURCE
> Task :expo-crypto:generateDebugAssets UP-TO-DATE
> Task :expo-crypto:packageDebugAssets
> Task :expo-dev-client:mergeDebugShaders
> Task :expo-dev-client:compileDebugShaders NO-SOURCE
> Task :expo-dev-client:generateDebugAssets UP-TO-DATE
> Task :expo-dev-client:packageDebugAssets
> Task :expo-dev-launcher:mergeDebugShaders
> Task :expo-dev-launcher:compileDebugShaders NO-SOURCE
> Task :expo-dev-launcher:generateDebugAssets UP-TO-DATE
> Task :shopify_react-native-skia:bundleLibCompileToJarDebug
> Task :react-native-svg:bundleLibCompileToJarDebug
> Task :expo-dev-launcher:packageDebugAssets
> Task :app:compileDebugKotlin FROM-CACHE
> Task :app:compileDebugJavaWithJavac FROM-CACHE
> Task :expo-dev-menu:mergeDebugShaders
> Task :expo-dev-menu:compileDebugShaders NO-SOURCE
> Task :expo-dev-menu:clenupAssets UP-TO-DATE
> Task :expo-dev-menu:copyAssets UP-TO-DATE
> Task :expo-dev-menu:generateDebugAssets UP-TO-DATE
> Task :expo-dev-menu:packageDebugAssets
> Task :expo-dev-menu-interface:mergeDebugShaders
> Task :expo-dev-menu-interface:compileDebugShaders NO-SOURCE
> Task :expo-dev-menu-interface:generateDebugAssets UP-TO-DATE
> Task :expo-dev-menu-interface:packageDebugAssets
> Task :expo-file-system:mergeDebugShaders
> Task :expo-file-system:compileDebugShaders NO-SOURCE
> Task :expo-file-system:generateDebugAssets UP-TO-DATE
> Task :expo-file-system:packageDebugAssets
> Task :expo-font:mergeDebugShaders
> Task :expo-font:compileDebugShaders NO-SOURCE
> Task :expo-font:generateDebugAssets UP-TO-DATE
> Task :expo-font:packageDebugAssets
> Task :expo-image-loader:mergeDebugShaders
> Task :expo-image-loader:compileDebugShaders NO-SOURCE
> Task :expo-image-loader:generateDebugAssets UP-TO-DATE
> Task :expo-image-loader:packageDebugAssets
> Task :expo-image-picker:mergeDebugShaders
> Task :expo-image-picker:compileDebugShaders NO-SOURCE
> Task :expo-image-picker:generateDebugAssets UP-TO-DATE
> Task :expo-image-picker:packageDebugAssets
> Task :expo-json-utils:mergeDebugShaders
> Task :expo-json-utils:compileDebugShaders NO-SOURCE
> Task :expo-json-utils:generateDebugAssets UP-TO-DATE
> Task :expo-json-utils:packageDebugAssets
> Task :expo-keep-awake:mergeDebugShaders
> Task :expo-keep-awake:compileDebugShaders NO-SOURCE
> Task :expo-keep-awake:generateDebugAssets UP-TO-DATE
> Task :expo-keep-awake:packageDebugAssets
> Task :expo-linear-gradient:mergeDebugShaders
> Task :expo-linear-gradient:compileDebugShaders NO-SOURCE
> Task :expo-linear-gradient:generateDebugAssets UP-TO-DATE
> Task :expo-linear-gradient:packageDebugAssets
> Task :expo-linking:mergeDebugShaders
> Task :expo-linking:compileDebugShaders NO-SOURCE
> Task :expo-linking:generateDebugAssets UP-TO-DATE
> Task :expo-linking:packageDebugAssets
> Task :expo-manifests:mergeDebugShaders
> Task :expo-manifests:compileDebugShaders NO-SOURCE
> Task :expo-manifests:generateDebugAssets UP-TO-DATE
> Task :expo-manifests:packageDebugAssets
> Task :expo-media-library:mergeDebugShaders
> Task :expo-media-library:compileDebugShaders NO-SOURCE
> Task :expo-media-library:generateDebugAssets UP-TO-DATE
> Task :expo-media-library:packageDebugAssets
> Task :expo-modules-core:mergeDebugShaders
> Task :expo-modules-core:compileDebugShaders NO-SOURCE
> Task :expo-modules-core:generateDebugAssets UP-TO-DATE
> Task :expo-modules-core:packageDebugAssets
> Task :expo-secure-store:mergeDebugShaders
> Task :expo-secure-store:compileDebugShaders NO-SOURCE
> Task :expo-secure-store:generateDebugAssets UP-TO-DATE
> Task :expo-secure-store:packageDebugAssets
> Task :expo-updates-interface:mergeDebugShaders
> Task :expo-updates-interface:compileDebugShaders NO-SOURCE
> Task :expo-updates-interface:generateDebugAssets UP-TO-DATE
> Task :expo-updates-interface:packageDebugAssets
> Task :expo-web-browser:mergeDebugShaders
> Task :expo-web-browser:compileDebugShaders NO-SOURCE
> Task :expo-web-browser:generateDebugAssets UP-TO-DATE
> Task :expo-web-browser:packageDebugAssets
> Task :lottie-react-native:mergeDebugShaders
> Task :lottie-react-native:compileDebugShaders NO-SOURCE
> Task :lottie-react-native:generateDebugAssets UP-TO-DATE
> Task :lottie-react-native:packageDebugAssets
> Task :react-native-async-storage_async-storage:mergeDebugShaders
> Task :react-native-async-storage_async-storage:compileDebugShaders NO-SOURCE
> Task :react-native-async-storage_async-storage:generateDebugAssets UP-TO-DATE
> Task :react-native-async-storage_async-storage:packageDebugAssets
> Task :react-native-gesture-handler:mergeDebugShaders
> Task :react-native-gesture-handler:compileDebugShaders NO-SOURCE
> Task :react-native-gesture-handler:generateDebugAssets UP-TO-DATE
> Task :react-native-gesture-handler:packageDebugAssets
> Task :react-native-google-signin_google-signin:mergeDebugShaders
> Task :react-native-google-signin_google-signin:compileDebugShaders NO-SOURCE
> Task :react-native-google-signin_google-signin:generateDebugAssets UP-TO-DATE
> Task :react-native-google-signin_google-signin:packageDebugAssets
> Task :react-native-picker_picker:mergeDebugShaders
> Task :react-native-picker_picker:compileDebugShaders NO-SOURCE
> Task :react-native-picker_picker:generateDebugAssets UP-TO-DATE
> Task :react-native-picker_picker:packageDebugAssets
> Task :react-native-reanimated:mergeDebugShaders
> Task :react-native-reanimated:compileDebugShaders NO-SOURCE
> Task :react-native-reanimated:generateDebugAssets UP-TO-DATE
> Task :react-native-reanimated:packageDebugAssets
> Task :react-native-safe-area-context:mergeDebugShaders
> Task :react-native-safe-area-context:compileDebugShaders NO-SOURCE
> Task :react-native-safe-area-context:generateDebugAssets UP-TO-DATE
> Task :react-native-safe-area-context:packageDebugAssets
> Task :react-native-screens:mergeDebugShaders
> Task :react-native-screens:compileDebugShaders NO-SOURCE
> Task :react-native-screens:generateDebugAssets UP-TO-DATE
> Task :react-native-screens:packageDebugAssets
> Task :react-native-svg:mergeDebugShaders
> Task :react-native-svg:compileDebugShaders NO-SOURCE
> Task :react-native-svg:generateDebugAssets UP-TO-DATE
> Task :react-native-svg:packageDebugAssets
> Task :react-native-worklets-core:mergeDebugShaders
> Task :react-native-worklets-core:compileDebugShaders NO-SOURCE
> Task :react-native-worklets-core:generateDebugAssets UP-TO-DATE
> Task :react-native-worklets-core:packageDebugAssets
> Task :shopify_flash-list:mergeDebugShaders
> Task :shopify_flash-list:compileDebugShaders NO-SOURCE
> Task :shopify_flash-list:generateDebugAssets UP-TO-DATE
> Task :shopify_flash-list:packageDebugAssets
> Task :shopify_react-native-skia:mergeDebugShaders
> Task :shopify_react-native-skia:compileDebugShaders NO-SOURCE
> Task :shopify_react-native-skia:generateDebugAssets UP-TO-DATE
> Task :shopify_react-native-skia:packageDebugAssets
> Task :app:mergeDebugAssets
> Task :app:compressDebugAssets FROM-CACHE
> Task :expo-asset:bundleLibRuntimeToJarDebug
> Task :react-native-google-signin_google-signin:bundleLibRuntimeToJarDebug
> Task :expo-dev-client:bundleLibRuntimeToJarDebug
> Task :expo-constants:bundleLibRuntimeToJarDebug
> Task :expo-dev-menu-interface:bundleLibRuntimeToJarDebug
> Task :expo-crypto:bundleLibRuntimeToJarDebug
> Task :expo-image-loader:bundleLibRuntimeToJarDebug
> Task :expo-font:bundleLibRuntimeToJarDebug
> Task :expo:bundleLibRuntimeToJarDebug
> Task :expo-json-utils:bundleLibRuntimeToJarDebug
> Task :expo-dev-menu:bundleLibRuntimeToJarDebug
> Task :expo-file-system:bundleLibRuntimeToJarDebug
> Task :expo-image-picker:bundleLibRuntimeToJarDebug
> Task :expo-dev-launcher:bundleLibRuntimeToJarDebug
> Task :expo-keep-awake:bundleLibRuntimeToJarDebug
> Task :expo-linking:bundleLibRuntimeToJarDebug
> Task :expo-manifests:bundleLibRuntimeToJarDebug
> Task :expo-linear-gradient:bundleLibRuntimeToJarDebug
> Task :expo-updates-interface:bundleLibRuntimeToJarDebug
> Task :expo-media-library:bundleLibRuntimeToJarDebug
> Task :lottie-react-native:bundleLibRuntimeToJarDebug
> Task :react-native-async-storage_async-storage:bundleLibRuntimeToJarDebug
> Task :expo-web-browser:bundleLibRuntimeToJarDebug
> Task :react-native-picker_picker:bundleLibRuntimeToJarDebug
> Task :react-native-safe-area-context:bundleLibRuntimeToJarDebug
> Task :expo-secure-store:bundleLibRuntimeToJarDebug
> Task :react-native-reanimated:bundleLibRuntimeToJarDebug
> Task :react-native-gesture-handler:bundleLibRuntimeToJarDebug
> Task :react-native-screens:bundleLibRuntimeToJarDebug
> Task :shopify_react-native-skia:bundleLibRuntimeToJarDebug
> Task :app:desugarDebugFileDependencies FROM-CACHE
> Task :app:processDebugJavaRes
> Task :expo:processDebugJavaRes
> Task :expo-asset:processDebugJavaRes
> Task :react-native-worklets-core:bundleLibRuntimeToJarDebug
> Task :expo-constants:processDebugJavaRes
> Task :expo-crypto:processDebugJavaRes
> Task :expo-dev-client:processDebugJavaRes NO-SOURCE
> Task :shopify_flash-list:bundleLibRuntimeToJarDebug
> Task :react-native-svg:bundleLibRuntimeToJarDebug
> Task :expo-modules-core:bundleLibRuntimeToJarDebug
> Task :expo-dev-launcher:processDebugJavaRes
> Task :app:transformDebugClassesWithAsm FROM-CACHE
> Task :app:dexBuilderDebug FROM-CACHE
> Task :app:mergeDebugGlobalSynthetics FROM-CACHE
> Task :expo-dev-menu:processDebugJavaRes
> Task :expo-dev-menu-interface:processDebugJavaRes
> Task :expo-file-system:processDebugJavaRes
> Task :expo-font:processDebugJavaRes
> Task :expo-image-loader:processDebugJavaRes
> Task :expo-image-picker:processDebugJavaRes
> Task :expo-json-utils:processDebugJavaRes
> Task :expo-keep-awake:processDebugJavaRes
> Task :expo-linear-gradient:processDebugJavaRes
> Task :expo-linking:processDebugJavaRes
> Task :expo-manifests:processDebugJavaRes
> Task :expo-media-library:processDebugJavaRes
> Task :expo-modules-core:processDebugJavaRes
> Task :expo-secure-store:processDebugJavaRes
> Task :expo-updates-interface:processDebugJavaRes
> Task :expo-web-browser:processDebugJavaRes
> Task :lottie-react-native:processDebugJavaRes
> Task :react-native-async-storage_async-storage:processDebugJavaRes NO-SOURCE
> Task :react-native-gesture-handler:processDebugJavaRes
> Task :react-native-google-signin_google-signin:processDebugJavaRes
> Task :react-native-picker_picker:processDebugJavaRes NO-SOURCE
> Task :react-native-reanimated:processDebugJavaRes NO-SOURCE
> Task :react-native-safe-area-context:processDebugJavaRes
> Task :react-native-screens:processDebugJavaRes
> Task :react-native-svg:processDebugJavaRes NO-SOURCE
> Task :react-native-worklets-core:processDebugJavaRes NO-SOURCE
> Task :shopify_flash-list:processDebugJavaRes
> Task :shopify_react-native-skia:processDebugJavaRes NO-SOURCE
> Task :app:mergeDebugJniLibFolders
> Task :expo:mergeDebugJniLibFolders
> Task :expo:mergeDebugNativeLibs NO-SOURCE
> Task :expo:copyDebugJniLibsProjectOnly
> Task :expo-asset:mergeDebugJniLibFolders
> Task :expo-asset:mergeDebugNativeLibs NO-SOURCE
> Task :expo-asset:copyDebugJniLibsProjectOnly
> Task :expo-constants:mergeDebugJniLibFolders
> Task :expo-constants:mergeDebugNativeLibs NO-SOURCE
> Task :expo-constants:copyDebugJniLibsProjectOnly
> Task :app:checkDebugDuplicateClasses
> Task :expo-crypto:mergeDebugJniLibFolders
> Task :app:mergeExtDexDebug FROM-CACHE
> Task :app:mergeLibDexDebug FROM-CACHE
> Task :app:mergeProjectDexDebug FROM-CACHE
> Task :expo-crypto:mergeDebugNativeLibs NO-SOURCE
> Task :expo-crypto:copyDebugJniLibsProjectOnly
> Task :expo-dev-client:mergeDebugJniLibFolders
> Task :expo-dev-client:mergeDebugNativeLibs NO-SOURCE
> Task :expo-dev-client:copyDebugJniLibsProjectOnly
> Task :expo-dev-launcher:mergeDebugJniLibFolders
> Task :expo-dev-launcher:mergeDebugNativeLibs NO-SOURCE
> Task :expo-dev-launcher:copyDebugJniLibsProjectOnly
> Task :expo-dev-menu:mergeDebugJniLibFolders
> Task :expo-dev-menu:mergeDebugNativeLibs NO-SOURCE
> Task :expo-dev-menu:copyDebugJniLibsProjectOnly
> Task :expo-dev-menu-interface:mergeDebugJniLibFolders
> Task :expo-dev-menu-interface:mergeDebugNativeLibs NO-SOURCE
> Task :expo-dev-menu-interface:copyDebugJniLibsProjectOnly
> Task :expo-file-system:mergeDebugJniLibFolders
> Task :expo-file-system:mergeDebugNativeLibs NO-SOURCE
> Task :expo-file-system:copyDebugJniLibsProjectOnly
> Task :expo-font:mergeDebugJniLibFolders
> Task :expo-font:mergeDebugNativeLibs NO-SOURCE
> Task :expo-font:copyDebugJniLibsProjectOnly
> Task :expo-image-loader:mergeDebugJniLibFolders
> Task :expo-image-loader:mergeDebugNativeLibs NO-SOURCE
> Task :expo-image-loader:copyDebugJniLibsProjectOnly
> Task :expo-image-picker:mergeDebugJniLibFolders
> Task :expo-image-picker:mergeDebugNativeLibs NO-SOURCE
> Task :expo-image-picker:copyDebugJniLibsProjectOnly
> Task :expo-json-utils:mergeDebugJniLibFolders
> Task :expo-json-utils:mergeDebugNativeLibs NO-SOURCE
> Task :expo-json-utils:copyDebugJniLibsProjectOnly
> Task :expo-keep-awake:mergeDebugJniLibFolders
> Task :expo-keep-awake:mergeDebugNativeLibs NO-SOURCE
> Task :expo-keep-awake:copyDebugJniLibsProjectOnly
> Task :expo-linear-gradient:mergeDebugJniLibFolders
> Task :expo-linear-gradient:mergeDebugNativeLibs NO-SOURCE
> Task :expo-linear-gradient:copyDebugJniLibsProjectOnly
> Task :expo-linking:mergeDebugJniLibFolders
> Task :expo-linking:mergeDebugNativeLibs NO-SOURCE
> Task :expo-linking:copyDebugJniLibsProjectOnly
> Task :expo-manifests:mergeDebugJniLibFolders
> Task :expo-manifests:mergeDebugNativeLibs NO-SOURCE
> Task :expo-manifests:copyDebugJniLibsProjectOnly
> Task :expo-media-library:mergeDebugJniLibFolders
> Task :expo-media-library:mergeDebugNativeLibs NO-SOURCE
> Task :expo-media-library:copyDebugJniLibsProjectOnly
> Task :expo-modules-core:configureCMakeDebug[arm64-v8a]
> Task :app:mergeDebugJavaResource

> Task :expo-modules-core:buildCMakeDebug[arm64-v8a]
C/C++: Hard link from 'C:\Users\PAUL\.gradle\caches\8.10.2\transforms\4827e5c37b8e773267dbd75f0190d00c\transformed\react-android-0.76.9-debug\prefab\modules\reactnative\libs\android.arm64-v8a\libreactnative.so' to 'F:\CF\CF\node_modules\expo\node_modules\expo-modules-core\android\build\intermediates\cxx\Debug\2u1o4n65\obj\arm64-v8a\libreactnative.so' failed. Doing a slower copy instead.
C/C++: Hard link from 'C:\Users\PAUL\.gradle\caches\8.10.2\transforms\4827e5c37b8e773267dbd75f0190d00c\transformed\react-android-0.76.9-debug\prefab\modules\reactnative\libs\android.arm64-v8a\libreactnative.so' to 'F:\CF\CF\node_modules\expo\node_modules\expo-modules-core\android\build\intermediates\cxx\Debug\2u1o4n65\obj\arm64-v8a\libreactnative.so' failed. Doing a slower copy instead.

> Task :expo-modules-core:configureCMakeDebug[armeabi-v7a]

> Task :expo-modules-core:buildCMakeDebug[armeabi-v7a]
C/C++: Hard link from 'C:\Users\PAUL\.gradle\caches\8.10.2\transforms\4827e5c37b8e773267dbd75f0190d00c\transformed\react-android-0.76.9-debug\prefab\modules\reactnative\libs\android.armeabi-v7a\libreactnative.so' to 'F:\CF\CF\node_modules\expo\node_modules\expo-modules-core\android\build\intermediates\cxx\Debug\2u1o4n65\obj\armeabi-v7a\libreactnative.so' failed. Doing a slower copy instead.
C/C++: Hard link from 'C:\Users\PAUL\.gradle\caches\8.10.2\transforms\4827e5c37b8e773267dbd75f0190d00c\transformed\react-android-0.76.9-debug\prefab\modules\reactnative\libs\android.armeabi-v7a\libreactnative.so' to 'F:\CF\CF\node_modules\expo\node_modules\expo-modules-core\android\build\intermediates\cxx\Debug\2u1o4n65\obj\armeabi-v7a\libreactnative.so' failed. Doing a slower copy instead.

> Task :expo-modules-core:mergeDebugJniLibFolders
> Task :expo-secure-store:mergeDebugJniLibFolders
> Task :expo-secure-store:mergeDebugNativeLibs NO-SOURCE
> Task :expo-secure-store:copyDebugJniLibsProjectOnly
> Task :expo-updates-interface:mergeDebugJniLibFolders
> Task :expo-updates-interface:mergeDebugNativeLibs NO-SOURCE
> Task :expo-updates-interface:copyDebugJniLibsProjectOnly
> Task :expo-web-browser:mergeDebugJniLibFolders
> Task :expo-web-browser:mergeDebugNativeLibs NO-SOURCE
> Task :expo-web-browser:copyDebugJniLibsProjectOnly
> Task :lottie-react-native:mergeDebugJniLibFolders
> Task :lottie-react-native:mergeDebugNativeLibs NO-SOURCE
> Task :lottie-react-native:copyDebugJniLibsProjectOnly
> Task :react-native-async-storage_async-storage:mergeDebugJniLibFolders
> Task :react-native-async-storage_async-storage:mergeDebugNativeLibs NO-SOURCE
> Task :react-native-async-storage_async-storage:copyDebugJniLibsProjectOnly
> Task :react-native-gesture-handler:mergeDebugJniLibFolders
> Task :react-native-gesture-handler:mergeDebugNativeLibs NO-SOURCE
> Task :react-native-gesture-handler:copyDebugJniLibsProjectOnly
> Task :react-native-google-signin_google-signin:mergeDebugJniLibFolders
> Task :react-native-google-signin_google-signin:mergeDebugNativeLibs NO-SOURCE
> Task :react-native-google-signin_google-signin:copyDebugJniLibsProjectOnly
> Task :react-native-picker_picker:mergeDebugJniLibFolders
> Task :react-native-picker_picker:mergeDebugNativeLibs NO-SOURCE
> Task :react-native-picker_picker:copyDebugJniLibsProjectOnly
> Task :expo-modules-core:mergeDebugNativeLibs
> Task :react-native-reanimated:configureCMakeDebug[arm64-v8a]
> Task :expo-modules-core:copyDebugJniLibsProjectOnly

> Task :react-native-reanimated:buildCMakeDebug[arm64-v8a]
C/C++: Hard link from 'C:\Users\PAUL\.gradle\caches\8.10.2\transforms\4827e5c37b8e773267dbd75f0190d00c\transformed\react-android-0.76.9-debug\prefab\modules\reactnative\libs\android.arm64-v8a\libreactnative.so' to 'F:\CF\CF\node_modules\react-native-reanimated\android\build\intermediates\cxx\Debug\1v3p46h6\obj\arm64-v8a\libreactnative.so' failed. Doing a slower copy instead.
C/C++: Hard link from 'C:\Users\PAUL\.gradle\caches\8.10.2\transforms\4827e5c37b8e773267dbd75f0190d00c\transformed\react-android-0.76.9-debug\prefab\modules\reactnative\libs\android.arm64-v8a\libreactnative.so' to 'F:\CF\CF\node_modules\react-native-reanimated\android\build\intermediates\cxx\Debug\1v3p46h6\obj\arm64-v8a\libreactnative.so' failed. Doing a slower copy instead.

> Task :react-native-reanimated:configureCMakeDebug[armeabi-v7a]

> Task :react-native-reanimated:buildCMakeDebug[armeabi-v7a]
C/C++: Hard link from 'C:\Users\PAUL\.gradle\caches\8.10.2\transforms\4827e5c37b8e773267dbd75f0190d00c\transformed\react-android-0.76.9-debug\prefab\modules\reactnative\libs\android.armeabi-v7a\libreactnative.so' to 'F:\CF\CF\node_modules\react-native-reanimated\android\build\intermediates\cxx\Debug\1v3p46h6\obj\armeabi-v7a\libreactnative.so' failed. Doing a slower copy instead.
C/C++: Hard link from 'C:\Users\PAUL\.gradle\caches\8.10.2\transforms\4827e5c37b8e773267dbd75f0190d00c\transformed\react-android-0.76.9-debug\prefab\modules\reactnative\libs\android.armeabi-v7a\libreactnative.so' to 'F:\CF\CF\node_modules\react-native-reanimated\android\build\intermediates\cxx\Debug\1v3p46h6\obj\armeabi-v7a\libreactnative.so' failed. Doing a slower copy instead.

> Task :react-native-reanimated:mergeDebugJniLibFolders
> Task :react-native-safe-area-context:mergeDebugJniLibFolders
> Task :react-native-safe-area-context:mergeDebugNativeLibs NO-SOURCE
> Task :react-native-safe-area-context:copyDebugJniLibsProjectOnly
> Task :react-native-reanimated:mergeDebugNativeLibs
> Task :react-native-screens:configureCMakeDebug[arm64-v8a]
> Task :react-native-reanimated:copyDebugJniLibsProjectOnly
> Task :react-native-screens:buildCMakeDebug[arm64-v8a]
> Task :react-native-screens:configureCMakeDebug[armeabi-v7a]
> Task :react-native-screens:buildCMakeDebug[armeabi-v7a]
> Task :react-native-screens:mergeDebugJniLibFolders
> Task :react-native-svg:mergeDebugJniLibFolders
> Task :react-native-svg:mergeDebugNativeLibs NO-SOURCE
> Task :react-native-svg:copyDebugJniLibsProjectOnly
> Task :react-native-screens:mergeDebugNativeLibs
> Task :react-native-worklets-core:configureCMakeDebug[arm64-v8a]
> Task :react-native-screens:copyDebugJniLibsProjectOnly

> Task :react-native-worklets-core:buildCMakeDebug[arm64-v8a]
C/C++: ninja: Entering directory `F:\CF\CF\node_modules\react-native-worklets-core\android\.cxx\Debug\356c1n3i\arm64-v8a'
C/C++: In file included from F:/CF/CF/node_modules/react-native-worklets-core/android/cpp-adapter.cpp:6:
C/C++: In file included from F:/CF/CF/node_modules/react-native-worklets-core/android/../cpp/WKTJsiWorkletApi.h:14:
C/C++: In file included from F:/CF/CF/node_modules/react-native-worklets-core/android/../cpp/sharedvalues/WKTJsiSharedValue.h:8:
C/C++: F:/CF/CF/node_modules/react-native-worklets-core/android/../cpp/WKTJsiDispatcher.h:97:22: warning: exception of type 'const std::runtime_error &' will be caught by earlier handler [-Wexceptions]
C/C++:    97 |       } catch (const std::runtime_error &err) {
C/C++:       |                      ^
C/C++: F:/CF/CF/node_modules/react-native-worklets-core/android/../cpp/WKTJsiDispatcher.h:94:22: note: for type 'const std::exception &'
C/C++:    94 |       } catch (const std::exception &err) {
C/C++:       |                      ^
C/C++: 1 warning generated.
C/C++: In file included from F:/CF/CF/node_modules/react-native-worklets-core/cpp/WKTJsiWorkletApi.cpp:1:
C/C++: In file included from F:/CF/CF/node_modules/react-native-worklets-core/cpp/WKTJsiWorkletApi.h:14:
C/C++: In file included from F:/CF/CF/node_modules/react-native-worklets-core/android/../cpp/sharedvalues/WKTJsiSharedValue.h:8:
C/C++: F:/CF/CF/node_modules/react-native-worklets-core/android/../cpp/WKTJsiDispatcher.h:97:22: warning: exception of type 'const std::runtime_error &' will be caught by earlier handler [-Wexceptions]
C/C++:    97 |       } catch (const std::runtime_error &err) {
C/C++:       |                      ^
C/C++: F:/CF/CF/node_modules/react-native-worklets-core/android/../cpp/WKTJsiDispatcher.h:94:22: note: for type 'const std::exception &'
C/C++:    94 |       } catch (const std::exception &err) {
C/C++:       |                      ^
C/C++: 1 warning generated.
C/C++: In file included from F:/CF/CF/node_modules/react-native-worklets-core/cpp/WKTJsiWorkletContext.cpp:3:
C/C++: In file included from F:/CF/CF/node_modules/react-native-worklets-core/cpp/WKTJsiWorkletApi.h:14:
C/C++: In file included from F:/CF/CF/node_modules/react-native-worklets-core/android/../cpp/sharedvalues/WKTJsiSharedValue.h:8:
C/C++: F:/CF/CF/node_modules/react-native-worklets-core/android/../cpp/WKTJsiDispatcher.h:97:22: warning: exception of type 'const std::runtime_error &' will be caught by earlier handler [-Wexceptions]
C/C++:    97 |       } catch (const std::runtime_error &err) {
C/C++:       |                      ^
C/C++: F:/CF/CF/node_modules/react-native-worklets-core/android/../cpp/WKTJsiDispatcher.h:94:22: note: for type 'const std::exception &'
C/C++:    94 |       } catch (const std::exception &err) {
C/C++:       |                      ^
C/C++: 1 warning generated.
C/C++: Hard link from 'C:\Users\PAUL\.gradle\caches\8.10.2\transforms\4827e5c37b8e773267dbd75f0190d00c\transformed\react-android-0.76.9-debug\prefab\modules\reactnative\libs\android.arm64-v8a\libreactnative.so' to 'F:\CF\CF\node_modules\react-native-worklets-core\android\build\intermediates\cxx\Debug\356c1n3i\obj\arm64-v8a\libreactnative.so' failed. Doing a slower copy instead.
C/C++: Hard link from 'C:\Users\PAUL\.gradle\caches\8.10.2\transforms\4827e5c37b8e773267dbd75f0190d00c\transformed\react-android-0.76.9-debug\prefab\modules\reactnative\libs\android.arm64-v8a\libreactnative.so' to 'F:\CF\CF\node_modules\react-native-worklets-core\android\build\intermediates\cxx\Debug\356c1n3i\obj\arm64-v8a\libreactnative.so' failed. Doing a slower copy instead.

> Task :react-native-worklets-core:configureCMakeDebug[armeabi-v7a]

> Task :react-native-worklets-core:buildCMakeDebug[armeabi-v7a]
C/C++: ninja: Entering directory `F:\CF\CF\node_modules\react-native-worklets-core\android\.cxx\Debug\356c1n3i\armeabi-v7a'
C/C++: In file included from F:/CF/CF/node_modules/react-native-worklets-core/android/cpp-adapter.cpp:6:
C/C++: In file included from F:/CF/CF/node_modules/react-native-worklets-core/android/../cpp/WKTJsiWorkletApi.h:14:
C/C++: In file included from F:/CF/CF/node_modules/react-native-worklets-core/android/../cpp/sharedvalues/WKTJsiSharedValue.h:8:
C/C++: F:/CF/CF/node_modules/react-native-worklets-core/android/../cpp/WKTJsiDispatcher.h:97:22: warning: exception of type 'const std::runtime_error &' will be caught by earlier handler [-Wexceptions]
C/C++:    97 |       } catch (const std::runtime_error &err) {
C/C++:       |                      ^
C/C++: F:/CF/CF/node_modules/react-native-worklets-core/android/../cpp/WKTJsiDispatcher.h:94:22: note: for type 'const std::exception &'
C/C++:    94 |       } catch (const std::exception &err) {
C/C++:       |                      ^
C/C++: 1 warning generated.
C/C++: In file included from F:/CF/CF/node_modules/react-native-worklets-core/cpp/WKTJsiWorkletApi.cpp:1:
C/C++: In file included from F:/CF/CF/node_modules/react-native-worklets-core/cpp/WKTJsiWorkletApi.h:14:
C/C++: In file included from F:/CF/CF/node_modules/react-native-worklets-core/android/../cpp/sharedvalues/WKTJsiSharedValue.h:8:
C/C++: F:/CF/CF/node_modules/react-native-worklets-core/android/../cpp/WKTJsiDispatcher.h:97:22: warning: exception of type 'const std::runtime_error &' will be caught by earlier handler [-Wexceptions]
C/C++:    97 |       } catch (const std::runtime_error &err) {
C/C++:       |                      ^
C/C++: F:/CF/CF/node_modules/react-native-worklets-core/android/../cpp/WKTJsiDispatcher.h:94:22: note: for type 'const std::exception &'
C/C++:    94 |       } catch (const std::exception &err) {
C/C++:       |                      ^
C/C++: 1 warning generated.
C/C++: In file included from F:/CF/CF/node_modules/react-native-worklets-core/cpp/WKTJsiWorkletContext.cpp:3:
C/C++: In file included from F:/CF/CF/node_modules/react-native-worklets-core/cpp/WKTJsiWorkletApi.h:14:
C/C++: In file included from F:/CF/CF/node_modules/react-native-worklets-core/android/../cpp/sharedvalues/WKTJsiSharedValue.h:8:
C/C++: F:/CF/CF/node_modules/react-native-worklets-core/android/../cpp/WKTJsiDispatcher.h:97:22: warning: exception of type 'const std::runtime_error &' will be caught by earlier handler [-Wexceptions]
C/C++:    97 |       } catch (const std::runtime_error &err) {
C/C++:       |                      ^
C/C++: F:/CF/CF/node_modules/react-native-worklets-core/android/../cpp/WKTJsiDispatcher.h:94:22: note: for type 'const std::exception &'
C/C++:    94 |       } catch (const std::exception &err) {
C/C++:       |                      ^
C/C++: In file included from F:/CF/CF/node_modules/react-native-worklets-core/cpp/WKTJsiWorkletContext.cpp:15:
C/C++: F:/CF/CF/node_modules/react-native-worklets-core/android/../cpp/decorators/WKTJsiSetImmediateDecorator.h:85:53: warning: format specifies type 'unsigned long' but the argument has type 'size_t' (aka 'unsigned int') [-Wformat]
C/C++:    85 |                   printf("ctx %lu: setImmediate\n", context->getContextId());
C/C++:       |                               ~~~                   ^~~~~~~~~~~~~~~~~~~~~~~
C/C++:       |                               %zu
C/C++: 2 warnings generated.
C/C++: Hard link from 'C:\Users\PAUL\.gradle\caches\8.10.2\transforms\4827e5c37b8e773267dbd75f0190d00c\transformed\react-android-0.76.9-debug\prefab\modules\reactnative\libs\android.armeabi-v7a\libreactnative.so' to 'F:\CF\CF\node_modules\react-native-worklets-core\android\build\intermediates\cxx\Debug\356c1n3i\obj\armeabi-v7a\libreactnative.so' failed. Doing a slower copy instead.
C/C++: Hard link from 'C:\Users\PAUL\.gradle\caches\8.10.2\transforms\4827e5c37b8e773267dbd75f0190d00c\transformed\react-android-0.76.9-debug\prefab\modules\reactnative\libs\android.armeabi-v7a\libreactnative.so' to 'F:\CF\CF\node_modules\react-native-worklets-core\android\build\intermediates\cxx\Debug\356c1n3i\obj\armeabi-v7a\libreactnative.so' failed. Doing a slower copy instead.

> Task :react-native-worklets-core:mergeDebugJniLibFolders
> Task :shopify_flash-list:mergeDebugJniLibFolders
> Task :shopify_flash-list:mergeDebugNativeLibs NO-SOURCE
> Task :shopify_react-native-skia:extractAARHeaders
> Task :shopify_flash-list:copyDebugJniLibsProjectOnly
> Task :shopify_react-native-skia:extractJNIFiles
> Task :shopify_react-native-skia:configureCMakeDebug[arm64-v8a]
> Task :react-native-worklets-core:mergeDebugNativeLibs

> Task :shopify_react-native-skia:buildCMakeDebug[arm64-v8a]
C/C++: ninja: Entering directory `F:\CF\CF\node_modules\@shopify\react-native-skia\android\.cxx\Debug\59602a6e\arm64-v8a'
C/C++: F:/CF/CF/node_modules/@shopify/react-native-skia/cpp/jsi/JsiValue.cpp:58:22: warning: returning reference to local temporary object [-Wreturn-stack-address]
C/C++:    58 |     return std::move(std::to_string(_numberValue));
C/C++:       |                      ^~~~~~~~~~~~~~~~~~~~~~~~~~~~
C/C++: 1 warning generated.
C/C++: In file included from F:/CF/CF/node_modules/@shopify/react-native-skia/cpp/rnskia/RNSkManager.cpp:8:
C/C++: In file included from F:/CF/CF/node_modules/@shopify/react-native-skia/android/../cpp/api/JsiSkApi.h:28:
C/C++: In file included from F:/CF/CF/node_modules/@shopify/react-native-skia/android/../cpp/api/JsiSkParagraphBuilder.h:13:
C/C++: F:/CF/CF/node_modules/@shopify/react-native-skia/android/../cpp/api/JsiSkParagraphStyle.h:120:31: warning: 'codecvt_utf8_utf16<char16_t>' is deprecated [-Wdeprecated-declarations]
C/C++:   120 |     std::wstring_convert<std::codecvt_utf8_utf16<T>, T> convertor;
C/C++:       |                               ^
C/C++: F:/CF/CF/node_modules/@shopify/react-native-skia/android/../cpp/api/JsiSkParagraphStyle.h:72:7: note: in instantiation of function template specialization 'RNSkia::JsiSkParagraphStyle::fromUTF8<char16_t>' requested here
C/C++:    72 |       fromUTF8(inStr, uStr);
C/C++:       |       ^
C/C++: F:/Android/Sdk/ndk/27.0.12077973/toolchains/llvm/prebuilt/windows-x86_64/sysroot/usr/include/c++/v1/codecvt:569:28: note: 'codecvt_utf8_utf16<char16_t>' has been explicitly marked deprecated here
C/C++:   569 | class _LIBCPP_TEMPLATE_VIS _LIBCPP_DEPRECATED_IN_CXX17 codecvt_utf8_utf16 : public __codecvt_utf8_utf16<_Elem> {
C/C++:       |                            ^
C/C++: F:/Android/Sdk/ndk/27.0.12077973/toolchains/llvm/prebuilt/windows-x86_64/sysroot/usr/include/c++/v1/__config:942:41: note: expanded from macro '_LIBCPP_DEPRECATED_IN_CXX17'
C/C++:   942 | #    define _LIBCPP_DEPRECATED_IN_CXX17 _LIBCPP_DEPRECATED
C/C++:       |                                         ^
C/C++: F:/Android/Sdk/ndk/27.0.12077973/toolchains/llvm/prebuilt/windows-x86_64/sysroot/usr/include/c++/v1/__config:915:49: note: expanded from macro '_LIBCPP_DEPRECATED'
C/C++:   915 | #      define _LIBCPP_DEPRECATED __attribute__((__deprecated__))
C/C++:       |                                                 ^
C/C++: In file included from F:/CF/CF/node_modules/@shopify/react-native-skia/cpp/rnskia/RNSkManager.cpp:8:
C/C++: In file included from F:/CF/CF/node_modules/@shopify/react-native-skia/android/../cpp/api/JsiSkApi.h:28:
C/C++: In file included from F:/CF/CF/node_modules/@shopify/react-native-skia/android/../cpp/api/JsiSkParagraphBuilder.h:13:
C/C++: F:/CF/CF/node_modules/@shopify/react-native-skia/android/../cpp/api/JsiSkParagraphStyle.h:120:10: warning: 'wstring_convert<std::codecvt_utf8_utf16<char16_t>, char16_t>' is deprecated [-Wdeprecated-declarations]
C/C++:   120 |     std::wstring_convert<std::codecvt_utf8_utf16<T>, T> convertor;
C/C++:       |          ^
C/C++: F:/Android/Sdk/ndk/27.0.12077973/toolchains/llvm/prebuilt/windows-x86_64/sysroot/usr/include/c++/v1/locale:3114:28: note: 'wstring_convert<std::codecvt_utf8_utf16<char16_t>, char16_t>' has been explicitly marked deprecated here
C/C++:  3114 | class _LIBCPP_TEMPLATE_VIS _LIBCPP_DEPRECATED_IN_CXX17 wstring_convert {
C/C++:       |                            ^
C/C++: F:/Android/Sdk/ndk/27.0.12077973/toolchains/llvm/prebuilt/windows-x86_64/sysroot/usr/include/c++/v1/__config:942:41: note: expanded from macro '_LIBCPP_DEPRECATED_IN_CXX17'
C/C++:   942 | #    define _LIBCPP_DEPRECATED_IN_CXX17 _LIBCPP_DEPRECATED
C/C++:       |                                         ^
C/C++: F:/Android/Sdk/ndk/27.0.12077973/toolchains/llvm/prebuilt/windows-x86_64/sysroot/usr/include/c++/v1/__config:915:49: note: expanded from macro '_LIBCPP_DEPRECATED'
C/C++:   915 | #      define _LIBCPP_DEPRECATED __attribute__((__deprecated__))
C/C++:       |                                                 ^
C/C++: 2 warnings generated.
C/C++: Hard link from 'C:\Users\PAUL\.gradle\caches\8.10.2\transforms\4827e5c37b8e773267dbd75f0190d00c\transformed\react-android-0.76.9-debug\prefab\modules\reactnative\libs\android.arm64-v8a\libreactnative.so' to 'F:\CF\CF\node_modules\@shopify\react-native-skia\android\build\intermediates\cxx\Debug\59602a6e\obj\arm64-v8a\libreactnative.so' failed. Doing a slower copy instead.
C/C++: Hard link from 'C:\Users\PAUL\.gradle\caches\8.10.2\transforms\4827e5c37b8e773267dbd75f0190d00c\transformed\react-android-0.76.9-debug\prefab\modules\reactnative\libs\android.arm64-v8a\libreactnative.so' to 'F:\CF\CF\node_modules\@shopify\react-native-skia\android\build\intermediates\cxx\Debug\59602a6e\obj\arm64-v8a\libreactnative.so' failed. Doing a slower copy instead.

> Task :shopify_react-native-skia:configureCMakeDebug[armeabi-v7a]
> Task :react-native-worklets-core:copyDebugJniLibsProjectOnly

> Task :shopify_react-native-skia:buildCMakeDebug[armeabi-v7a]
C/C++: ninja: Entering directory `F:\CF\CF\node_modules\@shopify\react-native-skia\android\.cxx\Debug\59602a6e\armeabi-v7a'
C/C++: F:/CF/CF/node_modules/@shopify/react-native-skia/cpp/jsi/JsiValue.cpp:58:22: warning: returning reference to local temporary object [-Wreturn-stack-address]
C/C++:    58 |     return std::move(std::to_string(_numberValue));
C/C++:       |                      ^~~~~~~~~~~~~~~~~~~~~~~~~~~~
C/C++: 1 warning generated.
C/C++: In file included from F:/CF/CF/node_modules/@shopify/react-native-skia/cpp/rnskia/RNSkManager.cpp:8:
C/C++: In file included from F:/CF/CF/node_modules/@shopify/react-native-skia/android/../cpp/api/JsiSkApi.h:28:
C/C++: In file included from F:/CF/CF/node_modules/@shopify/react-native-skia/android/../cpp/api/JsiSkParagraphBuilder.h:13:
C/C++: F:/CF/CF/node_modules/@shopify/react-native-skia/android/../cpp/api/JsiSkParagraphStyle.h:120:31: warning: 'codecvt_utf8_utf16<char16_t>' is deprecated [-Wdeprecated-declarations]
C/C++:   120 |     std::wstring_convert<std::codecvt_utf8_utf16<T>, T> convertor;
C/C++:       |                               ^
C/C++: F:/CF/CF/node_modules/@shopify/react-native-skia/android/../cpp/api/JsiSkParagraphStyle.h:72:7: note: in instantiation of function template specialization 'RNSkia::JsiSkParagraphStyle::fromUTF8<char16_t>' requested here
C/C++:    72 |       fromUTF8(inStr, uStr);
C/C++:       |       ^
C/C++: F:/Android/Sdk/ndk/27.0.12077973/toolchains/llvm/prebuilt/windows-x86_64/sysroot/usr/include/c++/v1/codecvt:569:28: note: 'codecvt_utf8_utf16<char16_t>' has been explicitly marked deprecated here
C/C++:   569 | class _LIBCPP_TEMPLATE_VIS _LIBCPP_DEPRECATED_IN_CXX17 codecvt_utf8_utf16 : public __codecvt_utf8_utf16<_Elem> {
C/C++:       |                            ^
C/C++: F:/Android/Sdk/ndk/27.0.12077973/toolchains/llvm/prebuilt/windows-x86_64/sysroot/usr/include/c++/v1/__config:942:41: note: expanded from macro '_LIBCPP_DEPRECATED_IN_CXX17'
C/C++:   942 | #    define _LIBCPP_DEPRECATED_IN_CXX17 _LIBCPP_DEPRECATED
C/C++:       |                                         ^
C/C++: F:/Android/Sdk/ndk/27.0.12077973/toolchains/llvm/prebuilt/windows-x86_64/sysroot/usr/include/c++/v1/__config:915:49: note: expanded from macro '_LIBCPP_DEPRECATED'
C/C++:   915 | #      define _LIBCPP_DEPRECATED __attribute__((__deprecated__))
C/C++:       |                                                 ^
C/C++: In file included from F:/CF/CF/node_modules/@shopify/react-native-skia/cpp/rnskia/RNSkManager.cpp:8:
C/C++: In file included from F:/CF/CF/node_modules/@shopify/react-native-skia/android/../cpp/api/JsiSkApi.h:28:
C/C++: In file included from F:/CF/CF/node_modules/@shopify/react-native-skia/android/../cpp/api/JsiSkParagraphBuilder.h:13:
C/C++: F:/CF/CF/node_modules/@shopify/react-native-skia/android/../cpp/api/JsiSkParagraphStyle.h:120:10: warning: 'wstring_convert<std::codecvt_utf8_utf16<char16_t>, char16_t>' is deprecated [-Wdeprecated-declarations]
C/C++:   120 |     std::wstring_convert<std::codecvt_utf8_utf16<T>, T> convertor;
C/C++:       |          ^
C/C++: F:/Android/Sdk/ndk/27.0.12077973/toolchains/llvm/prebuilt/windows-x86_64/sysroot/usr/include/c++/v1/locale:3114:28: note: 'wstring_convert<std::codecvt_utf8_utf16<char16_t>, char16_t>' has been explicitly marked deprecated here
C/C++:  3114 | class _LIBCPP_TEMPLATE_VIS _LIBCPP_DEPRECATED_IN_CXX17 wstring_convert {
C/C++:       |                            ^
C/C++: F:/Android/Sdk/ndk/27.0.12077973/toolchains/llvm/prebuilt/windows-x86_64/sysroot/usr/include/c++/v1/__config:942:41: note: expanded from macro '_LIBCPP_DEPRECATED_IN_CXX17'
C/C++:   942 | #    define _LIBCPP_DEPRECATED_IN_CXX17 _LIBCPP_DEPRECATED
C/C++:       |                                         ^
C/C++: F:/Android/Sdk/ndk/27.0.12077973/toolchains/llvm/prebuilt/windows-x86_64/sysroot/usr/include/c++/v1/__config:915:49: note: expanded from macro '_LIBCPP_DEPRECATED'
C/C++:   915 | #      define _LIBCPP_DEPRECATED __attribute__((__deprecated__))
C/C++:       |                                                 ^
C/C++: 2 warnings generated.
C/C++: Hard link from 'C:\Users\PAUL\.gradle\caches\8.10.2\transforms\4827e5c37b8e773267dbd75f0190d00c\transformed\react-android-0.76.9-debug\prefab\modules\reactnative\libs\android.armeabi-v7a\libreactnative.so' to 'F:\CF\CF\node_modules\@shopify\react-native-skia\android\build\intermediates\cxx\Debug\59602a6e\obj\armeabi-v7a\libreactnative.so' failed. Doing a slower copy instead.
C/C++: Hard link from 'C:\Users\PAUL\.gradle\caches\8.10.2\transforms\4827e5c37b8e773267dbd75f0190d00c\transformed\react-android-0.76.9-debug\prefab\modules\reactnative\libs\android.armeabi-v7a\libreactnative.so' to 'F:\CF\CF\node_modules\@shopify\react-native-skia\android\build\intermediates\cxx\Debug\59602a6e\obj\armeabi-v7a\libreactnative.so' failed. Doing a slower copy instead.

> Task :shopify_react-native-skia:mergeDebugJniLibFolders
> Task :app:validateSigningDebug
> Task :app:writeDebugAppMetadata
> Task :app:writeDebugSigningConfigVersions
> Task :shopify_react-native-skia:mergeDebugNativeLibs
> Task :shopify_react-native-skia:copyDebugJniLibsProjectOnly
> Task :app:mergeDebugNativeLibs
> Task :app:stripDebugDebugSymbols

> Task :app:packageDebug
PackagingOptions.jniLibs.useLegacyPackaging should be set to true because android:extractNativeLibs is set to "true" in AndroidManifest.xml.

> Task :app:createDebugApkListingFileRedirect
> Task :app:assembleDebug

Deprecated Gradle features were used in this build, making it incompatible with Gradle 9.0.

You can use '--warning-mode all' to show the individual deprecation warnings and determine if they come from your own scripts or plugins.

For more on this, please refer to https://docs.gradle.org/8.10.2/userguide/command_line_interface.html#sec:command_line_warnings in the Gradle documentation.

BUILD SUCCESSFUL in 3m 56s
791 actionable tasks: 350 executed, 425 from cache, 16 up-to-date
Waiting on http://localhost:8081
ΓÇ║ Installing F:\CF\CF\android\app\build\outputs\apk\debug\app-debug.apk
ΓÇ║ Opening cf-app://expo-development-client/?url=http%3A%2F%2F192.168.1.38%3A8081 on TECNO_CK8nB
